Analysis & Synthesis report for calculator
Fri May 23 13:56:42 2025
Quartus II 64-Bit Version 13.0.1 Build 232 06/12/2013 Service Pack 1 SJ Web Edition


---------------------
; Table of Contents ;
---------------------
  1. Legal Notice
  2. Analysis & Synthesis Summary
  3. Analysis & Synthesis Settings
  4. Parallel Compilation
  5. Analysis & Synthesis Source Files Read
  6. Analysis & Synthesis Resource Usage Summary
  7. Analysis & Synthesis Resource Utilization by Entity
  8. General Register Statistics
  9. Multiplexer Restructuring Statistics (Restructuring Performed)
 10. Parameter Settings for Inferred Entity Instance: display_logic:display|lpm_divide:Mod1
 11. Parameter Settings for Inferred Entity Instance: display_logic:display|lpm_divide:Mod0
 12. Parameter Settings for Inferred Entity Instance: display_logic:display|lpm_divide:Div1
 13. Parameter Settings for Inferred Entity Instance: display_logic:display|lpm_divide:Div0
 14. Parameter Settings for Inferred Entity Instance: calculator_datapath:dp|alu:alu_inst|lpm_mult:Mult0
 15. Parameter Settings for Inferred Entity Instance: calculator_datapath:dp|alu:alu_inst|lpm_divide:Mod0
 16. Parameter Settings for Inferred Entity Instance: calculator_datapath:dp|alu:alu_inst|lpm_divide:Div0
 17. lpm_mult Parameter Settings by Entity Instance
 18. Port Connectivity Checks: "calculator_datapath:dp|alu:alu_inst|adder_subtractor:add_sub|ripple_carry_adder_4bit:RCA"
 19. Port Connectivity Checks: "calculator_datapath:dp|alu:alu_inst|adder_subtractor:add_sub|mux2to1_1bit:Cin_selector"
 20. Port Connectivity Checks: "fsm:fsm_inst"
 21. Elapsed Time Per Partition
 22. Analysis & Synthesis Messages
 23. Analysis & Synthesis Suppressed Messages



----------------
; Legal Notice ;
----------------
Copyright (C) 1991-2013 Altera Corporation
Your use of Altera Corporation's design tools, logic functions 
and other software and tools, and its AMPP partner logic 
functions, and any output files from any of the foregoing 
(including device programming or simulation files), and any 
associated documentation or information are expressly subject 
to the terms and conditions of the Altera Program License 
Subscription Agreement, Altera MegaCore Function License 
Agreement, or other applicable license agreement, including, 
without limitation, that your use is for the sole purpose of 
programming logic devices manufactured by Altera and sold by 
Altera or its authorized distributors.  Please refer to the 
applicable agreement for further details.



+--------------------------------------------------------------------------------------+
; Analysis & Synthesis Summary                                                         ;
+------------------------------------+-------------------------------------------------+
; Analysis & Synthesis Status        ; Successful - Fri May 23 13:56:42 2025           ;
; Quartus II 64-Bit Version          ; 13.0.1 Build 232 06/12/2013 SP 1 SJ Web Edition ;
; Revision Name                      ; calculator                                      ;
; Top-level Entity Name              ; calculator                                      ;
; Family                             ; Cyclone III                                     ;
; Total logic elements               ; 322                                             ;
;     Total combinational functions  ; 314                                             ;
;     Dedicated logic registers      ; 22                                              ;
; Total registers                    ; 22                                              ;
; Total pins                         ; 48                                              ;
; Total virtual pins                 ; 0                                               ;
; Total memory bits                  ; 0                                               ;
; Embedded Multiplier 9-bit elements ; 0                                               ;
; Total PLLs                         ; 0                                               ;
+------------------------------------+-------------------------------------------------+


+----------------------------------------------------------------------------------------------------------------------+
; Analysis & Synthesis Settings                                                                                        ;
+----------------------------------------------------------------------------+--------------------+--------------------+
; Option                                                                     ; Setting            ; Default Value      ;
+----------------------------------------------------------------------------+--------------------+--------------------+
; Device                                                                     ; EP3C16F484C6       ;                    ;
; Top-level entity name                                                      ; calculator         ; calculator         ;
; Family name                                                                ; Cyclone III        ; Cyclone IV GX      ;
; Use smart compilation                                                      ; Off                ; Off                ;
; Enable parallel Assembler and TimeQuest Timing Analyzer during compilation ; On                 ; On                 ;
; Enable compact report table                                                ; Off                ; Off                ;
; Restructure Multiplexers                                                   ; Auto               ; Auto               ;
; Create Debugging Nodes for IP Cores                                        ; Off                ; Off                ;
; Preserve fewer node names                                                  ; On                 ; On                 ;
; Disable OpenCore Plus hardware evaluation                                  ; Off                ; Off                ;
; Verilog Version                                                            ; Verilog_2001       ; Verilog_2001       ;
; VHDL Version                                                               ; VHDL_1993          ; VHDL_1993          ;
; State Machine Processing                                                   ; Auto               ; Auto               ;
; Safe State Machine                                                         ; Off                ; Off                ;
; Extract Verilog State Machines                                             ; On                 ; On                 ;
; Extract VHDL State Machines                                                ; On                 ; On                 ;
; Ignore Verilog initial constructs                                          ; Off                ; Off                ;
; Iteration limit for constant Verilog loops                                 ; 5000               ; 5000               ;
; Iteration limit for non-constant Verilog loops                             ; 250                ; 250                ;
; Add Pass-Through Logic to Inferred RAMs                                    ; On                 ; On                 ;
; Infer RAMs from Raw Logic                                                  ; On                 ; On                 ;
; Parallel Synthesis                                                         ; On                 ; On                 ;
; DSP Block Balancing                                                        ; Auto               ; Auto               ;
; NOT Gate Push-Back                                                         ; On                 ; On                 ;
; Power-Up Don't Care                                                        ; On                 ; On                 ;
; Remove Redundant Logic Cells                                               ; Off                ; Off                ;
; Remove Duplicate Registers                                                 ; On                 ; On                 ;
; Ignore CARRY Buffers                                                       ; Off                ; Off                ;
; Ignore CASCADE Buffers                                                     ; Off                ; Off                ;
; Ignore GLOBAL Buffers                                                      ; Off                ; Off                ;
; Ignore ROW GLOBAL Buffers                                                  ; Off                ; Off                ;
; Ignore LCELL Buffers                                                       ; Off                ; Off                ;
; Ignore SOFT Buffers                                                        ; On                 ; On                 ;
; Limit AHDL Integers to 32 Bits                                             ; Off                ; Off                ;
; Optimization Technique                                                     ; Balanced           ; Balanced           ;
; Carry Chain Length                                                         ; 70                 ; 70                 ;
; Auto Carry Chains                                                          ; On                 ; On                 ;
; Auto Open-Drain Pins                                                       ; On                 ; On                 ;
; Perform WYSIWYG Primitive Resynthesis                                      ; Off                ; Off                ;
; Auto ROM Replacement                                                       ; On                 ; On                 ;
; Auto RAM Replacement                                                       ; On                 ; On                 ;
; Auto DSP Block Replacement                                                 ; On                 ; On                 ;
; Auto Shift Register Replacement                                            ; Auto               ; Auto               ;
; Allow Shift Register Merging across Hierarchies                            ; Auto               ; Auto               ;
; Auto Clock Enable Replacement                                              ; On                 ; On                 ;
; Strict RAM Replacement                                                     ; Off                ; Off                ;
; Allow Synchronous Control Signals                                          ; On                 ; On                 ;
; Force Use of Synchronous Clear Signals                                     ; Off                ; Off                ;
; Auto RAM Block Balancing                                                   ; On                 ; On                 ;
; Auto RAM to Logic Cell Conversion                                          ; Off                ; Off                ;
; Auto Resource Sharing                                                      ; Off                ; Off                ;
; Allow Any RAM Size For Recognition                                         ; Off                ; Off                ;
; Allow Any ROM Size For Recognition                                         ; Off                ; Off                ;
; Allow Any Shift Register Size For Recognition                              ; Off                ; Off                ;
; Use LogicLock Constraints during Resource Balancing                        ; On                 ; On                 ;
; Ignore translate_off and synthesis_off directives                          ; Off                ; Off                ;
; Timing-Driven Synthesis                                                    ; On                 ; On                 ;
; Report Parameter Settings                                                  ; On                 ; On                 ;
; Report Source Assignments                                                  ; On                 ; On                 ;
; Report Connectivity Checks                                                 ; On                 ; On                 ;
; Ignore Maximum Fan-Out Assignments                                         ; Off                ; Off                ;
; Synchronization Register Chain Length                                      ; 2                  ; 2                  ;
; PowerPlay Power Optimization                                               ; Normal compilation ; Normal compilation ;
; HDL message level                                                          ; Level2             ; Level2             ;
; Suppress Register Optimization Related Messages                            ; Off                ; Off                ;
; Number of Removed Registers Reported in Synthesis Report                   ; 5000               ; 5000               ;
; Number of Swept Nodes Reported in Synthesis Report                         ; 5000               ; 5000               ;
; Number of Inverted Registers Reported in Synthesis Report                  ; 100                ; 100                ;
; Clock MUX Protection                                                       ; On                 ; On                 ;
; Auto Gated Clock Conversion                                                ; Off                ; Off                ;
; Block Design Naming                                                        ; Auto               ; Auto               ;
; SDC constraint protection                                                  ; Off                ; Off                ;
; Synthesis Effort                                                           ; Auto               ; Auto               ;
; Shift Register Replacement - Allow Asynchronous Clear Signal               ; On                 ; On                 ;
; Pre-Mapping Resynthesis Optimization                                       ; Off                ; Off                ;
; Analysis & Synthesis Message Level                                         ; Medium             ; Medium             ;
; Disable Register Merging Across Hierarchies                                ; Auto               ; Auto               ;
; Resource Aware Inference For Block RAM                                     ; On                 ; On                 ;
; Synthesis Seed                                                             ; 1                  ; 1                  ;
+----------------------------------------------------------------------------+--------------------+--------------------+


Parallel compilation was disabled, but you have multiple processors available. Enable parallel compilation to reduce compilation time.
+-------------------------------------+
; Parallel Compilation                ;
+----------------------------+--------+
; Processors                 ; Number ;
+----------------------------+--------+
; Number detected on machine ; 8      ;
; Maximum allowed            ; 1      ;
+----------------------------+--------+


+---------------------------------------------------------------------------------------------------------------------------------------------------------------------+
; Analysis & Synthesis Source Files Read                                                                                                                              ;
+----------------------------------+-----------------+------------------------------+-----------------------------------------------------------------------+---------+
; File Name with User-Entered Path ; Used in Netlist ; File Type                    ; File Name with Absolute Path                                          ; Library ;
+----------------------------------+-----------------+------------------------------+-----------------------------------------------------------------------+---------+
; Calculator.v                     ; yes             ; User Verilog HDL File        ; C:/altera/13.0sp1/project3/Calculator.v                               ;         ;
; lpm_divide.tdf                   ; yes             ; Megafunction                 ; c:/altera/13.0sp1/quartus/libraries/megafunctions/lpm_divide.tdf      ;         ;
; abs_divider.inc                  ; yes             ; Megafunction                 ; c:/altera/13.0sp1/quartus/libraries/megafunctions/abs_divider.inc     ;         ;
; sign_div_unsign.inc              ; yes             ; Megafunction                 ; c:/altera/13.0sp1/quartus/libraries/megafunctions/sign_div_unsign.inc ;         ;
; aglobal130.inc                   ; yes             ; Megafunction                 ; c:/altera/13.0sp1/quartus/libraries/megafunctions/aglobal130.inc      ;         ;
; db/lpm_divide_d8m.tdf            ; yes             ; Auto-Generated Megafunction  ; C:/altera/13.0sp1/project3/db/lpm_divide_d8m.tdf                      ;         ;
; db/sign_div_unsign_bkh.tdf       ; yes             ; Auto-Generated Megafunction  ; C:/altera/13.0sp1/project3/db/sign_div_unsign_bkh.tdf                 ;         ;
; db/alt_u_div_13f.tdf             ; yes             ; Auto-Generated Megafunction  ; C:/altera/13.0sp1/project3/db/alt_u_div_13f.tdf                       ;         ;
; db/add_sub_unc.tdf               ; yes             ; Auto-Generated Megafunction  ; C:/altera/13.0sp1/project3/db/add_sub_unc.tdf                         ;         ;
; db/add_sub_vnc.tdf               ; yes             ; Auto-Generated Megafunction  ; C:/altera/13.0sp1/project3/db/add_sub_vnc.tdf                         ;         ;
; db/lpm_divide_g8m.tdf            ; yes             ; Auto-Generated Megafunction  ; C:/altera/13.0sp1/project3/db/lpm_divide_g8m.tdf                      ;         ;
; db/sign_div_unsign_ekh.tdf       ; yes             ; Auto-Generated Megafunction  ; C:/altera/13.0sp1/project3/db/sign_div_unsign_ekh.tdf                 ;         ;
; db/alt_u_div_73f.tdf             ; yes             ; Auto-Generated Megafunction  ; C:/altera/13.0sp1/project3/db/alt_u_div_73f.tdf                       ;         ;
; db/lpm_divide_9gm.tdf            ; yes             ; Auto-Generated Megafunction  ; C:/altera/13.0sp1/project3/db/lpm_divide_9gm.tdf                      ;         ;
; db/sign_div_unsign_akh.tdf       ; yes             ; Auto-Generated Megafunction  ; C:/altera/13.0sp1/project3/db/sign_div_unsign_akh.tdf                 ;         ;
; db/alt_u_div_v2f.tdf             ; yes             ; Auto-Generated Megafunction  ; C:/altera/13.0sp1/project3/db/alt_u_div_v2f.tdf                       ;         ;
; db/lpm_divide_dgm.tdf            ; yes             ; Auto-Generated Megafunction  ; C:/altera/13.0sp1/project3/db/lpm_divide_dgm.tdf                      ;         ;
; lpm_mult.tdf                     ; yes             ; Megafunction                 ; c:/altera/13.0sp1/quartus/libraries/megafunctions/lpm_mult.tdf        ;         ;
; lpm_add_sub.inc                  ; yes             ; Megafunction                 ; c:/altera/13.0sp1/quartus/libraries/megafunctions/lpm_add_sub.inc     ;         ;
; multcore.inc                     ; yes             ; Megafunction                 ; c:/altera/13.0sp1/quartus/libraries/megafunctions/multcore.inc        ;         ;
; bypassff.inc                     ; yes             ; Megafunction                 ; c:/altera/13.0sp1/quartus/libraries/megafunctions/bypassff.inc        ;         ;
; altshift.inc                     ; yes             ; Megafunction                 ; c:/altera/13.0sp1/quartus/libraries/megafunctions/altshift.inc        ;         ;
; db/mult_a7t.tdf                  ; yes             ; Auto-Generated Megafunction  ; C:/altera/13.0sp1/project3/db/mult_a7t.tdf                            ;         ;
; db/lpm_divide_98m.tdf            ; yes             ; Auto-Generated Megafunction  ; C:/altera/13.0sp1/project3/db/lpm_divide_98m.tdf                      ;         ;
; db/sign_div_unsign_7kh.tdf       ; yes             ; Auto-Generated Megafunction  ; C:/altera/13.0sp1/project3/db/sign_div_unsign_7kh.tdf                 ;         ;
; db/alt_u_div_p2f.tdf             ; yes             ; Auto-Generated Megafunction  ; C:/altera/13.0sp1/project3/db/alt_u_div_p2f.tdf                       ;         ;
; db/lpm_divide_6gm.tdf            ; yes             ; Auto-Generated Megafunction  ; C:/altera/13.0sp1/project3/db/lpm_divide_6gm.tdf                      ;         ;
+----------------------------------+-----------------+------------------------------+-----------------------------------------------------------------------+---------+


+--------------------------------------------------------------------------------------+
; Analysis & Synthesis Resource Usage Summary                                          ;
+---------------------------------------------+----------------------------------------+
; Resource                                    ; Usage                                  ;
+---------------------------------------------+----------------------------------------+
; Estimated Total logic elements              ; 322                                    ;
;                                             ;                                        ;
; Total combinational functions               ; 314                                    ;
; Logic element usage by number of LUT inputs ;                                        ;
;     -- 4 input functions                    ; 103                                    ;
;     -- 3 input functions                    ; 88                                     ;
;     -- <=2 input functions                  ; 123                                    ;
;                                             ;                                        ;
; Logic elements by mode                      ;                                        ;
;     -- normal mode                          ; 226                                    ;
;     -- arithmetic mode                      ; 88                                     ;
;                                             ;                                        ;
; Total registers                             ; 22                                     ;
;     -- Dedicated logic registers            ; 22                                     ;
;     -- I/O registers                        ; 0                                      ;
;                                             ;                                        ;
; I/O pins                                    ; 48                                     ;
; Embedded Multiplier 9-bit elements          ; 0                                      ;
; Maximum fan-out node                        ; calculator_datapath:dp|dff4:reg_B|q[1] ;
; Maximum fan-out                             ; 32                                     ;
; Total fan-out                               ; 1052                                   ;
; Average fan-out                             ; 2.44                                   ;
+---------------------------------------------+----------------------------------------+


+---------------------------------------------------------------------------------------------------------------------------------------------------------------------------------------------------------------------------------------------------------------------------------------------------------------------------+
; Analysis & Synthesis Resource Utilization by Entity                                                                                                                                                                                                                                                                       ;
+----------------------------------------------+-------------------+--------------+-------------+--------------+---------+-----------+------+--------------+-------------------------------------------------------------------------------------------------------------------------------------------------+--------------+
; Compilation Hierarchy Node                   ; LC Combinationals ; LC Registers ; Memory Bits ; DSP Elements ; DSP 9x9 ; DSP 18x18 ; Pins ; Virtual Pins ; Full Hierarchy Name                                                                                                                             ; Library Name ;
+----------------------------------------------+-------------------+--------------+-------------+--------------+---------+-----------+------+--------------+-------------------------------------------------------------------------------------------------------------------------------------------------+--------------+
; |calculator                                  ; 314 (0)           ; 22 (0)       ; 0           ; 0            ; 0       ; 0         ; 48   ; 0            ; |calculator                                                                                                                                     ; work         ;
;    |calculator_datapath:dp|                  ; 123 (0)           ; 19 (0)       ; 0           ; 0            ; 0       ; 0         ; 0    ; 0            ; |calculator|calculator_datapath:dp                                                                                                              ; work         ;
;       |alu:alu_inst|                         ; 121 (54)          ; 11 (11)      ; 0           ; 0            ; 0       ; 0         ; 0    ; 0            ; |calculator|calculator_datapath:dp|alu:alu_inst                                                                                                 ; work         ;
;          |adder_subtractor:add_sub|          ; 7 (0)             ; 0 (0)        ; 0           ; 0            ; 0       ; 0         ; 0    ; 0            ; |calculator|calculator_datapath:dp|alu:alu_inst|adder_subtractor:add_sub                                                                        ; work         ;
;             |mux2to1:B_selector|             ; 1 (1)             ; 0 (0)        ; 0           ; 0            ; 0       ; 0         ; 0    ; 0            ; |calculator|calculator_datapath:dp|alu:alu_inst|adder_subtractor:add_sub|mux2to1:B_selector                                                     ; work         ;
;             |ripple_carry_adder_4bit:RCA|    ; 6 (0)             ; 0 (0)        ; 0           ; 0            ; 0       ; 0         ; 0    ; 0            ; |calculator|calculator_datapath:dp|alu:alu_inst|adder_subtractor:add_sub|ripple_carry_adder_4bit:RCA                                            ; work         ;
;                |full_adder_1bit:fa0|         ; 1 (1)             ; 0 (0)        ; 0           ; 0            ; 0       ; 0         ; 0    ; 0            ; |calculator|calculator_datapath:dp|alu:alu_inst|adder_subtractor:add_sub|ripple_carry_adder_4bit:RCA|full_adder_1bit:fa0                        ; work         ;
;                |full_adder_1bit:fa1|         ; 2 (2)             ; 0 (0)        ; 0           ; 0            ; 0       ; 0         ; 0    ; 0            ; |calculator|calculator_datapath:dp|alu:alu_inst|adder_subtractor:add_sub|ripple_carry_adder_4bit:RCA|full_adder_1bit:fa1                        ; work         ;
;                |full_adder_1bit:fa2|         ; 1 (1)             ; 0 (0)        ; 0           ; 0            ; 0       ; 0         ; 0    ; 0            ; |calculator|calculator_datapath:dp|alu:alu_inst|adder_subtractor:add_sub|ripple_carry_adder_4bit:RCA|full_adder_1bit:fa2                        ; work         ;
;                |full_adder_1bit:fa3|         ; 2 (2)             ; 0 (0)        ; 0           ; 0            ; 0       ; 0         ; 0    ; 0            ; |calculator|calculator_datapath:dp|alu:alu_inst|adder_subtractor:add_sub|ripple_carry_adder_4bit:RCA|full_adder_1bit:fa3                        ; work         ;
;          |lpm_divide:Div0|                   ; 15 (0)            ; 0 (0)        ; 0           ; 0            ; 0       ; 0         ; 0    ; 0            ; |calculator|calculator_datapath:dp|alu:alu_inst|lpm_divide:Div0                                                                                 ; work         ;
;             |lpm_divide_6gm:auto_generated|  ; 15 (0)            ; 0 (0)        ; 0           ; 0            ; 0       ; 0         ; 0    ; 0            ; |calculator|calculator_datapath:dp|alu:alu_inst|lpm_divide:Div0|lpm_divide_6gm:auto_generated                                                   ; work         ;
;                |sign_div_unsign_7kh:divider| ; 15 (0)            ; 0 (0)        ; 0           ; 0            ; 0       ; 0         ; 0    ; 0            ; |calculator|calculator_datapath:dp|alu:alu_inst|lpm_divide:Div0|lpm_divide_6gm:auto_generated|sign_div_unsign_7kh:divider                       ; work         ;
;                   |alt_u_div_p2f:divider|    ; 15 (15)           ; 0 (0)        ; 0           ; 0            ; 0       ; 0         ; 0    ; 0            ; |calculator|calculator_datapath:dp|alu:alu_inst|lpm_divide:Div0|lpm_divide_6gm:auto_generated|sign_div_unsign_7kh:divider|alt_u_div_p2f:divider ; work         ;
;          |lpm_divide:Mod0|                   ; 15 (0)            ; 0 (0)        ; 0           ; 0            ; 0       ; 0         ; 0    ; 0            ; |calculator|calculator_datapath:dp|alu:alu_inst|lpm_divide:Mod0                                                                                 ; work         ;
;             |lpm_divide_98m:auto_generated|  ; 15 (0)            ; 0 (0)        ; 0           ; 0            ; 0       ; 0         ; 0    ; 0            ; |calculator|calculator_datapath:dp|alu:alu_inst|lpm_divide:Mod0|lpm_divide_98m:auto_generated                                                   ; work         ;
;                |sign_div_unsign_7kh:divider| ; 15 (0)            ; 0 (0)        ; 0           ; 0            ; 0       ; 0         ; 0    ; 0            ; |calculator|calculator_datapath:dp|alu:alu_inst|lpm_divide:Mod0|lpm_divide_98m:auto_generated|sign_div_unsign_7kh:divider                       ; work         ;
;                   |alt_u_div_p2f:divider|    ; 15 (15)           ; 0 (0)        ; 0           ; 0            ; 0       ; 0         ; 0    ; 0            ; |calculator|calculator_datapath:dp|alu:alu_inst|lpm_divide:Mod0|lpm_divide_98m:auto_generated|sign_div_unsign_7kh:divider|alt_u_div_p2f:divider ; work         ;
;          |lpm_mult:Mult0|                    ; 30 (0)            ; 0 (0)        ; 0           ; 0            ; 0       ; 0         ; 0    ; 0            ; |calculator|calculator_datapath:dp|alu:alu_inst|lpm_mult:Mult0                                                                                  ; work         ;
;             |mult_a7t:auto_generated|        ; 30 (30)           ; 0 (0)        ; 0           ; 0            ; 0       ; 0         ; 0    ; 0            ; |calculator|calculator_datapath:dp|alu:alu_inst|lpm_mult:Mult0|mult_a7t:auto_generated                                                          ; work         ;
;       |decoder_1to2:dec|                     ; 2 (2)             ; 0 (0)        ; 0           ; 0            ; 0       ; 0         ; 0    ; 0            ; |calculator|calculator_datapath:dp|decoder_1to2:dec                                                                                             ; work         ;
;       |dff4:reg_A|                           ; 0 (0)             ; 4 (4)        ; 0           ; 0            ; 0       ; 0         ; 0    ; 0            ; |calculator|calculator_datapath:dp|dff4:reg_A                                                                                                   ; work         ;
;       |dff4:reg_B|                           ; 0 (0)             ; 4 (4)        ; 0           ; 0            ; 0       ; 0         ; 0    ; 0            ; |calculator|calculator_datapath:dp|dff4:reg_B                                                                                                   ; work         ;
;    |display_logic:display|                   ; 187 (17)          ; 0 (0)        ; 0           ; 0            ; 0       ; 0         ; 0    ; 0            ; |calculator|display_logic:display                                                                                                               ; work         ;
;       |lpm_divide:Div0|                      ; 25 (0)            ; 0 (0)        ; 0           ; 0            ; 0       ; 0         ; 0    ; 0            ; |calculator|display_logic:display|lpm_divide:Div0                                                                                               ; work         ;
;          |lpm_divide_dgm:auto_generated|     ; 25 (0)            ; 0 (0)        ; 0           ; 0            ; 0       ; 0         ; 0    ; 0            ; |calculator|display_logic:display|lpm_divide:Div0|lpm_divide_dgm:auto_generated                                                                 ; work         ;
;             |sign_div_unsign_ekh:divider|    ; 25 (0)            ; 0 (0)        ; 0           ; 0            ; 0       ; 0         ; 0    ; 0            ; |calculator|display_logic:display|lpm_divide:Div0|lpm_divide_dgm:auto_generated|sign_div_unsign_ekh:divider                                     ; work         ;
;                |alt_u_div_73f:divider|       ; 25 (25)           ; 0 (0)        ; 0           ; 0            ; 0       ; 0         ; 0    ; 0            ; |calculator|display_logic:display|lpm_divide:Div0|lpm_divide_dgm:auto_generated|sign_div_unsign_ekh:divider|alt_u_div_73f:divider               ; work         ;
;       |lpm_divide:Div1|                      ; 46 (0)            ; 0 (0)        ; 0           ; 0            ; 0       ; 0         ; 0    ; 0            ; |calculator|display_logic:display|lpm_divide:Div1                                                                                               ; work         ;
;          |lpm_divide_9gm:auto_generated|     ; 46 (0)            ; 0 (0)        ; 0           ; 0            ; 0       ; 0         ; 0    ; 0            ; |calculator|display_logic:display|lpm_divide:Div1|lpm_divide_9gm:auto_generated                                                                 ; work         ;
;             |sign_div_unsign_akh:divider|    ; 46 (0)            ; 0 (0)        ; 0           ; 0            ; 0       ; 0         ; 0    ; 0            ; |calculator|display_logic:display|lpm_divide:Div1|lpm_divide_9gm:auto_generated|sign_div_unsign_akh:divider                                     ; work         ;
;                |alt_u_div_v2f:divider|       ; 46 (46)           ; 0 (0)        ; 0           ; 0            ; 0       ; 0         ; 0    ; 0            ; |calculator|display_logic:display|lpm_divide:Div1|lpm_divide_9gm:auto_generated|sign_div_unsign_akh:divider|alt_u_div_v2f:divider               ; work         ;
;       |lpm_divide:Mod0|                      ; 40 (0)            ; 0 (0)        ; 0           ; 0            ; 0       ; 0         ; 0    ; 0            ; |calculator|display_logic:display|lpm_divide:Mod0                                                                                               ; work         ;
;          |lpm_divide_g8m:auto_generated|     ; 40 (0)            ; 0 (0)        ; 0           ; 0            ; 0       ; 0         ; 0    ; 0            ; |calculator|display_logic:display|lpm_divide:Mod0|lpm_divide_g8m:auto_generated                                                                 ; work         ;
;             |sign_div_unsign_ekh:divider|    ; 40 (0)            ; 0 (0)        ; 0           ; 0            ; 0       ; 0         ; 0    ; 0            ; |calculator|display_logic:display|lpm_divide:Mod0|lpm_divide_g8m:auto_generated|sign_div_unsign_ekh:divider                                     ; work         ;
;                |alt_u_div_73f:divider|       ; 40 (40)           ; 0 (0)        ; 0           ; 0            ; 0       ; 0         ; 0    ; 0            ; |calculator|display_logic:display|lpm_divide:Mod0|lpm_divide_g8m:auto_generated|sign_div_unsign_ekh:divider|alt_u_div_73f:divider               ; work         ;
;       |lpm_divide:Mod1|                      ; 59 (0)            ; 0 (0)        ; 0           ; 0            ; 0       ; 0         ; 0    ; 0            ; |calculator|display_logic:display|lpm_divide:Mod1                                                                                               ; work         ;
;          |lpm_divide_d8m:auto_generated|     ; 59 (0)            ; 0 (0)        ; 0           ; 0            ; 0       ; 0         ; 0    ; 0            ; |calculator|display_logic:display|lpm_divide:Mod1|lpm_divide_d8m:auto_generated                                                                 ; work         ;
;             |sign_div_unsign_bkh:divider|    ; 59 (0)            ; 0 (0)        ; 0           ; 0            ; 0       ; 0         ; 0    ; 0            ; |calculator|display_logic:display|lpm_divide:Mod1|lpm_divide_d8m:auto_generated|sign_div_unsign_bkh:divider                                     ; work         ;
;                |alt_u_div_13f:divider|       ; 59 (59)           ; 0 (0)        ; 0           ; 0            ; 0       ; 0         ; 0    ; 0            ; |calculator|display_logic:display|lpm_divide:Mod1|lpm_divide_d8m:auto_generated|sign_div_unsign_bkh:divider|alt_u_div_13f:divider               ; work         ;
;    |fsm:fsm_inst|                            ; 4 (4)             ; 3 (3)        ; 0           ; 0            ; 0       ; 0         ; 0    ; 0            ; |calculator|fsm:fsm_inst                                                                                                                        ; work         ;
+----------------------------------------------+-------------------+--------------+-------------+--------------+---------+-----------+------+--------------+-------------------------------------------------------------------------------------------------------------------------------------------------+--------------+
Note: For table entries with two numbers listed, the numbers in parentheses indicate the number of resources of the given type used by the specific entity alone. The numbers listed outside of parentheses indicate the total resources of the given type used by the specific entity and all of its sub-entities in the hierarchy.


+------------------------------------------------------+
; General Register Statistics                          ;
+----------------------------------------------+-------+
; Statistic                                    ; Value ;
+----------------------------------------------+-------+
; Total registers                              ; 22    ;
; Number of registers using Synchronous Clear  ; 0     ;
; Number of registers using Synchronous Load   ; 0     ;
; Number of registers using Asynchronous Clear ; 22    ;
; Number of registers using Asynchronous Load  ; 0     ;
; Number of registers using Clock Enable       ; 16    ;
; Number of registers using Preset             ; 0     ;
+----------------------------------------------+-------+


+-------------------------------------------------------------------------------------------------------------------------------------------------------------------------+
; Multiplexer Restructuring Statistics (Restructuring Performed)                                                                                                          ;
+--------------------+-----------+---------------+----------------------+------------------------+------------+-----------------------------------------------------------+
; Multiplexer Inputs ; Bus Width ; Baseline Area ; Area if Restructured ; Saving if Restructured ; Registered ; Example Multiplexer Output                                ;
+--------------------+-----------+---------------+----------------------+------------------------+------------+-----------------------------------------------------------+
; 12:1               ; 4 bits    ; 32 LEs        ; 8 LEs                ; 24 LEs                 ; Yes        ; |calculator|calculator_datapath:dp|alu:alu_inst|result[7] ;
; 13:1               ; 4 bits    ; 32 LEs        ; 20 LEs               ; 12 LEs                 ; Yes        ; |calculator|calculator_datapath:dp|alu:alu_inst|result[3] ;
+--------------------+-----------+---------------+----------------------+------------------------+------------+-----------------------------------------------------------+


+----------------------------------------------------------------------------------------+
; Parameter Settings for Inferred Entity Instance: display_logic:display|lpm_divide:Mod1 ;
+------------------------+----------------+----------------------------------------------+
; Parameter Name         ; Value          ; Type                                         ;
+------------------------+----------------+----------------------------------------------+
; LPM_WIDTHN             ; 8              ; Untyped                                      ;
; LPM_WIDTHD             ; 4              ; Untyped                                      ;
; LPM_NREPRESENTATION    ; UNSIGNED       ; Untyped                                      ;
; LPM_DREPRESENTATION    ; UNSIGNED       ; Untyped                                      ;
; LPM_PIPELINE           ; 0              ; Untyped                                      ;
; LPM_REMAINDERPOSITIVE  ; TRUE           ; Untyped                                      ;
; MAXIMIZE_SPEED         ; 5              ; Untyped                                      ;
; CBXI_PARAMETER         ; lpm_divide_d8m ; Untyped                                      ;
; CARRY_CHAIN            ; MANUAL         ; Untyped                                      ;
; OPTIMIZE_FOR_SPEED     ; 5              ; Untyped                                      ;
; AUTO_CARRY_CHAINS      ; ON             ; AUTO_CARRY                                   ;
; IGNORE_CARRY_BUFFERS   ; OFF            ; IGNORE_CARRY                                 ;
; AUTO_CASCADE_CHAINS    ; ON             ; AUTO_CASCADE                                 ;
; IGNORE_CASCADE_BUFFERS ; OFF            ; IGNORE_CASCADE                               ;
+------------------------+----------------+----------------------------------------------+
Note: In order to hide this table in the UI and the text report file, please set the "Show Parameter Settings in Synthesis Report" option in "Analysis and Synthesis Settings -> More Settings" to "Off".


+----------------------------------------------------------------------------------------+
; Parameter Settings for Inferred Entity Instance: display_logic:display|lpm_divide:Mod0 ;
+------------------------+----------------+----------------------------------------------+
; Parameter Name         ; Value          ; Type                                         ;
+------------------------+----------------+----------------------------------------------+
; LPM_WIDTHN             ; 8              ; Untyped                                      ;
; LPM_WIDTHD             ; 7              ; Untyped                                      ;
; LPM_NREPRESENTATION    ; UNSIGNED       ; Untyped                                      ;
; LPM_DREPRESENTATION    ; UNSIGNED       ; Untyped                                      ;
; LPM_PIPELINE           ; 0              ; Untyped                                      ;
; LPM_REMAINDERPOSITIVE  ; TRUE           ; Untyped                                      ;
; MAXIMIZE_SPEED         ; 5              ; Untyped                                      ;
; CBXI_PARAMETER         ; lpm_divide_g8m ; Untyped                                      ;
; CARRY_CHAIN            ; MANUAL         ; Untyped                                      ;
; OPTIMIZE_FOR_SPEED     ; 5              ; Untyped                                      ;
; AUTO_CARRY_CHAINS      ; ON             ; AUTO_CARRY                                   ;
; IGNORE_CARRY_BUFFERS   ; OFF            ; IGNORE_CARRY                                 ;
; AUTO_CASCADE_CHAINS    ; ON             ; AUTO_CASCADE                                 ;
; IGNORE_CASCADE_BUFFERS ; OFF            ; IGNORE_CASCADE                               ;
+------------------------+----------------+----------------------------------------------+
Note: In order to hide this table in the UI and the text report file, please set the "Show Parameter Settings in Synthesis Report" option in "Analysis and Synthesis Settings -> More Settings" to "Off".


+----------------------------------------------------------------------------------------+
; Parameter Settings for Inferred Entity Instance: display_logic:display|lpm_divide:Div1 ;
+------------------------+----------------+----------------------------------------------+
; Parameter Name         ; Value          ; Type                                         ;
+------------------------+----------------+----------------------------------------------+
; LPM_WIDTHN             ; 7              ; Untyped                                      ;
; LPM_WIDTHD             ; 4              ; Untyped                                      ;
; LPM_NREPRESENTATION    ; UNSIGNED       ; Untyped                                      ;
; LPM_DREPRESENTATION    ; UNSIGNED       ; Untyped                                      ;
; LPM_PIPELINE           ; 0              ; Untyped                                      ;
; LPM_REMAINDERPOSITIVE  ; TRUE           ; Untyped                                      ;
; MAXIMIZE_SPEED         ; 5              ; Untyped                                      ;
; CBXI_PARAMETER         ; lpm_divide_9gm ; Untyped                                      ;
; CARRY_CHAIN            ; MANUAL         ; Untyped                                      ;
; OPTIMIZE_FOR_SPEED     ; 5              ; Untyped                                      ;
; AUTO_CARRY_CHAINS      ; ON             ; AUTO_CARRY                                   ;
; IGNORE_CARRY_BUFFERS   ; OFF            ; IGNORE_CARRY                                 ;
; AUTO_CASCADE_CHAINS    ; ON             ; AUTO_CASCADE                                 ;
; IGNORE_CASCADE_BUFFERS ; OFF            ; IGNORE_CASCADE                               ;
+------------------------+----------------+----------------------------------------------+
Note: In order to hide this table in the UI and the text report file, please set the "Show Parameter Settings in Synthesis Report" option in "Analysis and Synthesis Settings -> More Settings" to "Off".


+----------------------------------------------------------------------------------------+
; Parameter Settings for Inferred Entity Instance: display_logic:display|lpm_divide:Div0 ;
+------------------------+----------------+----------------------------------------------+
; Parameter Name         ; Value          ; Type                                         ;
+------------------------+----------------+----------------------------------------------+
; LPM_WIDTHN             ; 8              ; Untyped                                      ;
; LPM_WIDTHD             ; 7              ; Untyped                                      ;
; LPM_NREPRESENTATION    ; UNSIGNED       ; Untyped                                      ;
; LPM_DREPRESENTATION    ; UNSIGNED       ; Untyped                                      ;
; LPM_PIPELINE           ; 0              ; Untyped                                      ;
; LPM_REMAINDERPOSITIVE  ; TRUE           ; Untyped                                      ;
; MAXIMIZE_SPEED         ; 5              ; Untyped                                      ;
; CBXI_PARAMETER         ; lpm_divide_dgm ; Untyped                                      ;
; CARRY_CHAIN            ; MANUAL         ; Untyped                                      ;
; OPTIMIZE_FOR_SPEED     ; 5              ; Untyped                                      ;
; AUTO_CARRY_CHAINS      ; ON             ; AUTO_CARRY                                   ;
; IGNORE_CARRY_BUFFERS   ; OFF            ; IGNORE_CARRY                                 ;
; AUTO_CASCADE_CHAINS    ; ON             ; AUTO_CASCADE                                 ;
; IGNORE_CASCADE_BUFFERS ; OFF            ; IGNORE_CASCADE                               ;
+------------------------+----------------+----------------------------------------------+
Note: In order to hide this table in the UI and the text report file, please set the "Show Parameter Settings in Synthesis Report" option in "Analysis and Synthesis Settings -> More Settings" to "Off".


+-----------------------------------------------------------------------------------------------------+
; Parameter Settings for Inferred Entity Instance: calculator_datapath:dp|alu:alu_inst|lpm_mult:Mult0 ;
+------------------------------------------------+-------------+--------------------------------------+
; Parameter Name                                 ; Value       ; Type                                 ;
+------------------------------------------------+-------------+--------------------------------------+
; AUTO_CARRY_CHAINS                              ; ON          ; AUTO_CARRY                           ;
; IGNORE_CARRY_BUFFERS                           ; OFF         ; IGNORE_CARRY                         ;
; AUTO_CASCADE_CHAINS                            ; ON          ; AUTO_CASCADE                         ;
; IGNORE_CASCADE_BUFFERS                         ; OFF         ; IGNORE_CASCADE                       ;
; LPM_WIDTHA                                     ; 4           ; Untyped                              ;
; LPM_WIDTHB                                     ; 4           ; Untyped                              ;
; LPM_WIDTHP                                     ; 8           ; Untyped                              ;
; LPM_WIDTHR                                     ; 8           ; Untyped                              ;
; LPM_WIDTHS                                     ; 1           ; Untyped                              ;
; LPM_REPRESENTATION                             ; UNSIGNED    ; Untyped                              ;
; LPM_PIPELINE                                   ; 0           ; Untyped                              ;
; LATENCY                                        ; 0           ; Untyped                              ;
; INPUT_A_IS_CONSTANT                            ; NO          ; Untyped                              ;
; INPUT_B_IS_CONSTANT                            ; NO          ; Untyped                              ;
; USE_EAB                                        ; OFF         ; Untyped                              ;
; MAXIMIZE_SPEED                                 ; 5           ; Untyped                              ;
; DEVICE_FAMILY                                  ; Cyclone III ; Untyped                              ;
; CARRY_CHAIN                                    ; MANUAL      ; Untyped                              ;
; APEX20K_TECHNOLOGY_MAPPER                      ; LUT         ; TECH_MAPPER_APEX20K                  ;
; DEDICATED_MULTIPLIER_CIRCUITRY                 ; AUTO        ; Untyped                              ;
; DEDICATED_MULTIPLIER_MIN_INPUT_WIDTH_FOR_AUTO  ; 0           ; Untyped                              ;
; DEDICATED_MULTIPLIER_MIN_OUTPUT_WIDTH_FOR_AUTO ; 0           ; Untyped                              ;
; CBXI_PARAMETER                                 ; mult_a7t    ; Untyped                              ;
; INPUT_A_FIXED_VALUE                            ; Bx          ; Untyped                              ;
; INPUT_B_FIXED_VALUE                            ; Bx          ; Untyped                              ;
; USE_AHDL_IMPLEMENTATION                        ; OFF         ; Untyped                              ;
+------------------------------------------------+-------------+--------------------------------------+
Note: In order to hide this table in the UI and the text report file, please set the "Show Parameter Settings in Synthesis Report" option in "Analysis and Synthesis Settings -> More Settings" to "Off".


+------------------------------------------------------------------------------------------------------+
; Parameter Settings for Inferred Entity Instance: calculator_datapath:dp|alu:alu_inst|lpm_divide:Mod0 ;
+------------------------+----------------+------------------------------------------------------------+
; Parameter Name         ; Value          ; Type                                                       ;
+------------------------+----------------+------------------------------------------------------------+
; LPM_WIDTHN             ; 4              ; Untyped                                                    ;
; LPM_WIDTHD             ; 4              ; Untyped                                                    ;
; LPM_NREPRESENTATION    ; UNSIGNED       ; Untyped                                                    ;
; LPM_DREPRESENTATION    ; UNSIGNED       ; Untyped                                                    ;
; LPM_PIPELINE           ; 0              ; Untyped                                                    ;
; LPM_REMAINDERPOSITIVE  ; TRUE           ; Untyped                                                    ;
; MAXIMIZE_SPEED         ; 5              ; Untyped                                                    ;
; CBXI_PARAMETER         ; lpm_divide_98m ; Untyped                                                    ;
; CARRY_CHAIN            ; MANUAL         ; Untyped                                                    ;
; OPTIMIZE_FOR_SPEED     ; 5              ; Untyped                                                    ;
; AUTO_CARRY_CHAINS      ; ON             ; AUTO_CARRY                                                 ;
; IGNORE_CARRY_BUFFERS   ; OFF            ; IGNORE_CARRY                                               ;
; AUTO_CASCADE_CHAINS    ; ON             ; AUTO_CASCADE                                               ;
; IGNORE_CASCADE_BUFFERS ; OFF            ; IGNORE_CASCADE                                             ;
+------------------------+----------------+------------------------------------------------------------+
Note: In order to hide this table in the UI and the text report file, please set the "Show Parameter Settings in Synthesis Report" option in "Analysis and Synthesis Settings -> More Settings" to "Off".


+------------------------------------------------------------------------------------------------------+
; Parameter Settings for Inferred Entity Instance: calculator_datapath:dp|alu:alu_inst|lpm_divide:Div0 ;
+------------------------+----------------+------------------------------------------------------------+
; Parameter Name         ; Value          ; Type                                                       ;
+------------------------+----------------+------------------------------------------------------------+
; LPM_WIDTHN             ; 4              ; Untyped                                                    ;
; LPM_WIDTHD             ; 4              ; Untyped                                                    ;
; LPM_NREPRESENTATION    ; UNSIGNED       ; Untyped                                                    ;
; LPM_DREPRESENTATION    ; UNSIGNED       ; Untyped                                                    ;
; LPM_PIPELINE           ; 0              ; Untyped                                                    ;
; LPM_REMAINDERPOSITIVE  ; TRUE           ; Untyped                                                    ;
; MAXIMIZE_SPEED         ; 5              ; Untyped                                                    ;
; CBXI_PARAMETER         ; lpm_divide_6gm ; Untyped                                                    ;
; CARRY_CHAIN            ; MANUAL         ; Untyped                                                    ;
; OPTIMIZE_FOR_SPEED     ; 5              ; Untyped                                                    ;
; AUTO_CARRY_CHAINS      ; ON             ; AUTO_CARRY                                                 ;
; IGNORE_CARRY_BUFFERS   ; OFF            ; IGNORE_CARRY                                               ;
; AUTO_CASCADE_CHAINS    ; ON             ; AUTO_CASCADE                                               ;
; IGNORE_CASCADE_BUFFERS ; OFF            ; IGNORE_CASCADE                                             ;
+------------------------+----------------+------------------------------------------------------------+
Note: In order to hide this table in the UI and the text report file, please set the "Show Parameter Settings in Synthesis Report" option in "Analysis and Synthesis Settings -> More Settings" to "Off".


+--------------------------------------------------------------------------------------------+
; lpm_mult Parameter Settings by Entity Instance                                             ;
+---------------------------------------+----------------------------------------------------+
; Name                                  ; Value                                              ;
+---------------------------------------+----------------------------------------------------+
; Number of entity instances            ; 1                                                  ;
; Entity Instance                       ; calculator_datapath:dp|alu:alu_inst|lpm_mult:Mult0 ;
;     -- LPM_WIDTHA                     ; 4                                                  ;
;     -- LPM_WIDTHB                     ; 4                                                  ;
;     -- LPM_WIDTHP                     ; 8                                                  ;
;     -- LPM_REPRESENTATION             ; UNSIGNED                                           ;
;     -- INPUT_A_IS_CONSTANT            ; NO                                                 ;
;     -- INPUT_B_IS_CONSTANT            ; NO                                                 ;
;     -- USE_EAB                        ; OFF                                                ;
;     -- DEDICATED_MULTIPLIER_CIRCUITRY ; AUTO                                               ;
;     -- INPUT_A_FIXED_VALUE            ; Bx                                                 ;
;     -- INPUT_B_FIXED_VALUE            ; Bx                                                 ;
+---------------------------------------+----------------------------------------------------+


+----------------------------------------------------------------------------------------------------------------------+
; Port Connectivity Checks: "calculator_datapath:dp|alu:alu_inst|adder_subtractor:add_sub|ripple_carry_adder_4bit:RCA" ;
+------+--------+----------+-------------------------------------------------------------------------------------------+
; Port ; Type   ; Severity ; Details                                                                                   ;
+------+--------+----------+-------------------------------------------------------------------------------------------+
; Cout ; Output ; Info     ; Connected to dangling logic. Logic that only feeds a dangling port will be removed.       ;
+------+--------+----------+-------------------------------------------------------------------------------------------+


+--------------------------------------------------------------------------------------------------------------------+
; Port Connectivity Checks: "calculator_datapath:dp|alu:alu_inst|adder_subtractor:add_sub|mux2to1_1bit:Cin_selector" ;
+------+-------+----------+------------------------------------------------------------------------------------------+
; Port ; Type  ; Severity ; Details                                                                                  ;
+------+-------+----------+------------------------------------------------------------------------------------------+
; in0  ; Input ; Info     ; Stuck at GND                                                                             ;
; in1  ; Input ; Info     ; Stuck at VCC                                                                             ;
+------+-------+----------+------------------------------------------------------------------------------------------+


+-------------------------------------------------------------------------------------------------------------------------------------------+
; Port Connectivity Checks: "fsm:fsm_inst"                                                                                                  ;
+------------+--------+----------+----------------------------------------------------------------------------------------------------------+
; Port       ; Type   ; Severity ; Details                                                                                                  ;
+------------+--------+----------+----------------------------------------------------------------------------------------------------------+
; op_code    ; Output ; Warning  ; Declared by entity but not connected by instance. Logic that only feeds a dangling port will be removed. ;
; wrt_addr   ; Output ; Warning  ; Declared by entity but not connected by instance. Logic that only feeds a dangling port will be removed. ;
; compute_op ; Output ; Warning  ; Declared by entity but not connected by instance. Logic that only feeds a dangling port will be removed. ;
+------------+--------+----------+----------------------------------------------------------------------------------------------------------+


+-------------------------------+
; Elapsed Time Per Partition    ;
+----------------+--------------+
; Partition Name ; Elapsed Time ;
+----------------+--------------+
; Top            ; 00:00:03     ;
+----------------+--------------+


+-------------------------------+
; Analysis & Synthesis Messages ;
+-------------------------------+
Info: *******************************************************************
Info: Running Quartus II 64-Bit Analysis & Synthesis
    Info: Version 13.0.1 Build 232 06/12/2013 Service Pack 1 SJ Web Edition
    Info: Processing started: Fri May 23 13:56:35 2025
Info: Command: quartus_map --read_settings_files=on --write_settings_files=off calculator -c calculator
Warning (20028): Parallel compilation is not licensed and has been disabled
Info (12021): Found 12 design units, including 12 entities, in source file calculator.v
    Info (12023): Found entity 1: ripple_carry_adder_4bit
    Info (12023): Found entity 2: mux2to1_1bit
    Info (12023): Found entity 3: mux2to1
    Info (12023): Found entity 4: full_adder_1bit
    Info (12023): Found entity 5: fsm
    Info (12023): Found entity 6: display_logic
    Info (12023): Found entity 7: calculator_datapath
    Info (12023): Found entity 8: calculator
    Info (12023): Found entity 9: dff4
    Info (12023): Found entity 10: decoder_1to2
    Info (12023): Found entity 11: alu
    Info (12023): Found entity 12: adder_subtractor
Info (12021): Found 1 design units, including 1 entities, in source file block3.bdf
    Info (12023): Found entity 1: Block3
Info (12127): Elaborating entity "calculator" for the top level hierarchy
Info (12128): Elaborating entity "fsm" for hierarchy "fsm:fsm_inst"
Info (12128): Elaborating entity "calculator_datapath" for hierarchy "calculator_datapath:dp"
Info (12128): Elaborating entity "decoder_1to2" for hierarchy "calculator_datapath:dp|decoder_1to2:dec"
Info (12128): Elaborating entity "dff4" for hierarchy "calculator_datapath:dp|dff4:reg_A"
Info (12128): Elaborating entity "alu" for hierarchy "calculator_datapath:dp|alu:alu_inst"
Info (12128): Elaborating entity "adder_subtractor" for hierarchy "calculator_datapath:dp|alu:alu_inst|adder_subtractor:add_sub"
Info (12128): Elaborating entity "mux2to1" for hierarchy "calculator_datapath:dp|alu:alu_inst|adder_subtractor:add_sub|mux2to1:B_selector"
Info (12128): Elaborating entity "mux2to1_1bit" for hierarchy "calculator_datapath:dp|alu:alu_inst|adder_subtractor:add_sub|mux2to1_1bit:Cin_selector"
Info (12128): Elaborating entity "ripple_carry_adder_4bit" for hierarchy "calculator_datapath:dp|alu:alu_inst|adder_subtractor:add_sub|ripple_carry_adder_4bit:RCA"
Info (12128): Elaborating entity "full_adder_1bit" for hierarchy "calculator_datapath:dp|alu:alu_inst|adder_subtractor:add_sub|ripple_carry_adder_4bit:RCA|full_adder_1bit:fa0"
Info (12128): Elaborating entity "display_logic" for hierarchy "display_logic:display"
Warning (10230): Verilog HDL assignment warning at Calculator.v(186): truncated value with size 32 to match size of target (4)
Warning (10230): Verilog HDL assignment warning at Calculator.v(187): truncated value with size 32 to match size of target (4)
Warning (10230): Verilog HDL assignment warning at Calculator.v(188): truncated value with size 32 to match size of target (4)
Info (278001): Inferred 7 megafunctions from design logic
    Info (278004): Inferred divider/modulo megafunction ("lpm_divide") from the following logic: "display_logic:display|Mod1"
    Info (278004): Inferred divider/modulo megafunction ("lpm_divide") from the following logic: "display_logic:display|Mod0"
    Info (278004): Inferred divider/modulo megafunction ("lpm_divide") from the following logic: "display_logic:display|Div1"
    Info (278004): Inferred divider/modulo megafunction ("lpm_divide") from the following logic: "display_logic:display|Div0"
    Info (278003): Inferred multiplier megafunction ("lpm_mult") from the following logic: "calculator_datapath:dp|alu:alu_inst|Mult0"
    Info (278004): Inferred divider/modulo megafunction ("lpm_divide") from the following logic: "calculator_datapath:dp|alu:alu_inst|Mod0"
    Info (278004): Inferred divider/modulo megafunction ("lpm_divide") from the following logic: "calculator_datapath:dp|alu:alu_inst|Div0"
Info (12130): Elaborated megafunction instantiation "display_logic:display|lpm_divide:Mod1"
Info (12133): Instantiated megafunction "display_logic:display|lpm_divide:Mod1" with the following parameter:
    Info (12134): Parameter "LPM_WIDTHN" = "8"
    Info (12134): Parameter "LPM_WIDTHD" = "4"
    Info (12134): Parameter "LPM_NREPRESENTATION" = "UNSIGNED"
    Info (12134): Parameter "LPM_DREPRESENTATION" = "UNSIGNED"
Info (12021): Found 1 design units, including 1 entities, in source file db/lpm_divide_d8m.tdf
    Info (12023): Found entity 1: lpm_divide_d8m
Info (12021): Found 1 design units, including 1 entities, in source file db/sign_div_unsign_bkh.tdf
    Info (12023): Found entity 1: sign_div_unsign_bkh
Info (12021): Found 1 design units, including 1 entities, in source file db/alt_u_div_13f.tdf
    Info (12023): Found entity 1: alt_u_div_13f
Info (12021): Found 1 design units, including 1 entities, in source file db/add_sub_unc.tdf
    Info (12023): Found entity 1: add_sub_unc
Info (12021): Found 1 design units, including 1 entities, in source file db/add_sub_vnc.tdf
    Info (12023): Found entity 1: add_sub_vnc
Info (12130): Elaborated megafunction instantiation "display_logic:display|lpm_divide:Mod0"
Info (12133): Instantiated megafunction "display_logic:display|lpm_divide:Mod0" with the following parameter:
    Info (12134): Parameter "LPM_WIDTHN" = "8"
    Info (12134): Parameter "LPM_WIDTHD" = "7"
    Info (12134): Parameter "LPM_NREPRESENTATION" = "UNSIGNED"
    Info (12134): Parameter "LPM_DREPRESENTATION" = "UNSIGNED"
Info (12021): Found 1 design units, including 1 entities, in source file db/lpm_divide_g8m.tdf
    Info (12023): Found entity 1: lpm_divide_g8m
Info (12021): Found 1 design units, including 1 entities, in source file db/sign_div_unsign_ekh.tdf
    Info (12023): Found entity 1: sign_div_unsign_ekh
Info (12021): Found 1 design units, including 1 entities, in source file db/alt_u_div_73f.tdf
    Info (12023): Found entity 1: alt_u_div_73f
Info (12130): Elaborated megafunction instantiation "display_logic:display|lpm_divide:Div1"
Info (12133): Instantiated megafunction "display_logic:display|lpm_divide:Div1" with the following parameter:
    Info (12134): Parameter "LPM_WIDTHN" = "7"
    Info (12134): Parameter "LPM_WIDTHD" = "4"
    Info (12134): Parameter "LPM_NREPRESENTATION" = "UNSIGNED"
    Info (12134): Parameter "LPM_DREPRESENTATION" = "UNSIGNED"
Info (12021): Found 1 design units, including 1 entities, in source file db/lpm_divide_9gm.tdf
    Info (12023): Found entity 1: lpm_divide_9gm
Info (12021): Found 1 design units, including 1 entities, in source file db/sign_div_unsign_akh.tdf
    Info (12023): Found entity 1: sign_div_unsign_akh
Info (12021): Found 1 design units, including 1 entities, in source file db/alt_u_div_v2f.tdf
    Info (12023): Found entity 1: alt_u_div_v2f
Info (12130): Elaborated megafunction instantiation "display_logic:display|lpm_divide:Div0"
Info (12133): Instantiated megafunction "display_logic:display|lpm_divide:Div0" with the following parameter:
    Info (12134): Parameter "LPM_WIDTHN" = "8"
    Info (12134): Parameter "LPM_WIDTHD" = "7"
    Info (12134): Parameter "LPM_NREPRESENTATION" = "UNSIGNED"
    Info (12134): Parameter "LPM_DREPRESENTATION" = "UNSIGNED"
Info (12021): Found 1 design units, including 1 entities, in source file db/lpm_divide_dgm.tdf
    Info (12023): Found entity 1: lpm_divide_dgm
Info (12130): Elaborated megafunction instantiation "calculator_datapath:dp|alu:alu_inst|lpm_mult:Mult0"
Info (12133): Instantiated megafunction "calculator_datapath:dp|alu:alu_inst|lpm_mult:Mult0" with the following parameter:
    Info (12134): Parameter "LPM_WIDTHA" = "4"
    Info (12134): Parameter "LPM_WIDTHB" = "4"
    Info (12134): Parameter "LPM_WIDTHP" = "8"
    Info (12134): Parameter "LPM_WIDTHR" = "8"
    Info (12134): Parameter "LPM_WIDTHS" = "1"
    Info (12134): Parameter "LPM_REPRESENTATION" = "UNSIGNED"
    Info (12134): Parameter "INPUT_A_IS_CONSTANT" = "NO"
    Info (12134): Parameter "INPUT_B_IS_CONSTANT" = "NO"
    Info (12134): Parameter "MAXIMIZE_SPEED" = "5"
Info (12021): Found 1 design units, including 1 entities, in source file db/mult_a7t.tdf
    Info (12023): Found entity 1: mult_a7t
Info (12130): Elaborated megafunction instantiation "calculator_datapath:dp|alu:alu_inst|lpm_divide:Mod0"
Info (12133): Instantiated megafunction "calculator_datapath:dp|alu:alu_inst|lpm_divide:Mod0" with the following parameter:
    Info (12134): Parameter "LPM_WIDTHN" = "4"
    Info (12134): Parameter "LPM_WIDTHD" = "4"
    Info (12134): Parameter "LPM_NREPRESENTATION" = "UNSIGNED"
    Info (12134): Parameter "LPM_DREPRESENTATION" = "UNSIGNED"
Info (12021): Found 1 design units, including 1 entities, in source file db/lpm_divide_98m.tdf
    Info (12023): Found entity 1: lpm_divide_98m
Info (12021): Found 1 design units, including 1 entities, in source file db/sign_div_unsign_7kh.tdf
    Info (12023): Found entity 1: sign_div_unsign_7kh
Info (12021): Found 1 design units, including 1 entities, in source file db/alt_u_div_p2f.tdf
    Info (12023): Found entity 1: alt_u_div_p2f
Info (12130): Elaborated megafunction instantiation "calculator_datapath:dp|alu:alu_inst|lpm_divide:Div0"
Info (12133): Instantiated megafunction "calculator_datapath:dp|alu:alu_inst|lpm_divide:Div0" with the following parameter:
    Info (12134): Parameter "LPM_WIDTHN" = "4"
    Info (12134): Parameter "LPM_WIDTHD" = "4"
    Info (12134): Parameter "LPM_NREPRESENTATION" = "UNSIGNED"
    Info (12134): Parameter "LPM_DREPRESENTATION" = "UNSIGNED"
Info (12021): Found 1 design units, including 1 entities, in source file db/lpm_divide_6gm.tdf
    Info (12023): Found entity 1: lpm_divide_6gm
Warning (14284): Synthesized away the following node(s):
    Warning (14285): Synthesized away the following LCELL buffer node(s):
        Warning (14320): Synthesized away node "calculator_datapath:dp|alu:alu_inst|lpm_mult:Mult0|mult_a7t:auto_generated|le5a[4]"
Warning (12241): 1 hierarchies have connectivity warnings - see the Connectivity Checks report folder
Info (13014): Ignored 48 buffer(s)
    Info (13016): Ignored 4 CARRY_SUM buffer(s)
    Info (13019): Ignored 44 SOFT buffer(s)
Warning (13024): Output pins are stuck at VCC or GND
    Warning (13410): Pin "HEX2[1]" is stuck at GND
Info (286030): Timing-Driven Synthesis is running
Info (144001): Generated suppressed messages file C:/altera/13.0sp1/project3/output_files/calculator.map.smsg
Info (16010): Generating hard_block partition "hard_block:auto_generated_inst"
    Info (16011): Adding 0 node(s), including 0 DDIO, 0 PLL, 0 transceiver and 0 LCELL
Info (21057): Implemented 370 device resources after synthesis - the final resource count might be different
    Info (21058): Implemented 13 input pins
    Info (21059): Implemented 35 output pins
    Info (21061): Implemented 322 logic cells
Info: Quartus II 64-Bit Analysis & Synthesis was successful. 0 errors, 10 warnings
    Info: Peak virtual memory: 4602 megabytes
    Info: Processing ended: Fri May 23 13:56:42 2025
    Info: Elapsed time: 00:00:07
    Info: Total CPU time (on all processors): 00:00:07


+------------------------------------------+
; Analysis & Synthesis Suppressed Messages ;
+------------------------------------------+
The suppressed messages can be found in C:/altera/13.0sp1/project3/output_files/calculator.map.smsg.


